#
# A fatal error has been detected by the Java Runtime Environment:
#
#  Internal Error (./open/src/hotspot/share/runtime/mutex.cpp:217), pid=43000, tid=32300
#  guarantee(self->is_active_Java_thread()) failed: invariant
#
# JRE version: Java(TM) SE Runtime Environment (15.0.2+7) (build 15.0.2+7-27)
# Java VM: Java HotSpot(TM) 64-Bit Server VM (15.0.2+7-27, mixed mode, sharing, tiered, compressed oops, g1 gc, windows-amd64)
# No core dump will be written. Minidumps are not enabled by default on client versions of Windows
#
# If you would like to submit a bug report, please visit:
#   https://bugreport.java.com/bugreport/crash.jsp
#

---------------  S U M M A R Y ------------

Command Line: -javaagent:C:\Program Files\JetBrains\IntelliJ IDEA Community Edition 2020.3.3\lib\idea_rt.jar=62003:C:\Program Files\JetBrains\IntelliJ IDEA Community Edition 2020.3.3\bin -Dfile.encoding=UTF-8 run.Runner

Host: Intel(R) Core(TM) i7-8665U CPU @ 1.90GHz, 8 cores, 31G,  Windows 10 , 64 bit Build 18362 (10.0.18362.1316)
Time: Wed Mar 24 09:33:59 2021 Central Daylight Time elapsed time: 81.406528 seconds (0d 0h 1m 21s)

---------------  T H R E A D  ---------------

Current thread (0x000000001af61430):  ConcurrentGCThread "G1 Young RemSet Sampling" [stack: 0x0000000030b30000,0x0000000030c30000] [id=29200]

Stack: [0x0000000030b30000,0x0000000030c30000]
[error occurred during error reporting (printing stack bounds), id 0xc0000005, EXCEPTION_ACCESS_VIOLATION (0xc0000005) at pc=0x000000000bb110ad]

Native frames: (J=compiled Java code, j=interpreted, Vv=VM code, C=native code)
V  [jvm.dll+0x62ae9a]
V  [jvm.dll+0x7817a9]
V  [jvm.dll+0x782f03]
V  [jvm.dll+0x7834c5]
V  [jvm.dll+0x78347b]
V  [jvm.dll+0x62a2b9]
V  [jvm.dll+0x62aa88]
C  [ntdll.dll+0xa184f]


---------------  P R O C E S S  ---------------

Threads class SMR info:
_java_thread_list=0x0000000032ef64a0, length=18, elements={
0x000000001b014590, 0x000000001b017070, 0x000000001b0270f0, 0x000000001b0299c0,
0x000000001b02a370, 0x000000001b02b050, 0x000000001b02ba40, 0x000000001b02d350,
0x00000000315d3b10, 0x00000000317029e0, 0x0000000031701890, 0x00000000329355d0,
0x0000000032935aa0, 0x000000003175f570, 0x00000000329fff40, 0x00000000359eadc0,
0x00000000359eb290, 0x00000000359eb760
}

Java Threads: ( => current thread )
  0x000000001b014590 JavaThread "Reference Handler" daemon [_thread_in_vm, id=32300, stack(0x0000000031930000,0x0000000031a30000)]
  0x000000001b017070 JavaThread "Finalizer" daemon [_thread_blocked, id=34452, stack(0x0000000031a30000,0x0000000031b30000)]
  0x000000001b0270f0 JavaThread "Signal Dispatcher" daemon [_thread_blocked, id=42044, stack(0x0000000031c40000,0x0000000031d40000)]
  0x000000001b0299c0 JavaThread "Attach Listener" daemon [_thread_blocked, id=39136, stack(0x0000000031d40000,0x0000000031e40000)]
  0x000000001b02a370 JavaThread "Service Thread" daemon [_thread_blocked, id=39148, stack(0x0000000031e40000,0x0000000031f40000)]
  0x000000001b02b050 JavaThread "C2 CompilerThread0" daemon [_thread_blocked, id=42708, stack(0x0000000031f40000,0x0000000032040000)]
  0x000000001b02ba40 JavaThread "C1 CompilerThread0" daemon [_thread_blocked, id=32724, stack(0x0000000032040000,0x0000000032140000)]
  0x000000001b02d350 JavaThread "Sweeper thread" daemon [_thread_blocked, id=37692, stack(0x0000000032140000,0x0000000032240000)]
  0x00000000315d3b10 JavaThread "Common-Cleaner" daemon [_thread_blocked, id=20688, stack(0x0000000032240000,0x0000000032340000)]
  0x00000000317029e0 JavaThread "Monitor Ctrl-Break" daemon [_thread_in_native, id=32516, stack(0x0000000032550000,0x0000000032650000)]
  0x0000000031701890 JavaThread "Notification Thread" daemon [_thread_blocked, id=40412, stack(0x0000000032650000,0x0000000032750000)]
  0x00000000329355d0 JavaThread "Java2D Disposer" daemon [_thread_blocked, id=38880, stack(0x0000000033290000,0x0000000033390000)]
  0x0000000032935aa0 JavaThread "AWT-Windows" daemon [_thread_in_native, id=40384, stack(0x0000000033390000,0x0000000033490000)]
  0x000000003175f570 JavaThread "AWT-Shutdown" [_thread_blocked, id=15836, stack(0x0000000032440000,0x0000000032540000)]
  0x00000000329fff40 JavaThread "AWT-EventQueue-0" [_thread_blocked, id=30688, stack(0x0000000035530000,0x0000000035630000)]
  0x00000000359eadc0 JavaThread "Swing-Shell" daemon [_thread_blocked, id=39344, stack(0x00000000383d0000,0x00000000384d0000)]
  0x00000000359eb290 JavaThread "DestroyJavaVM" [_thread_blocked, id=5900, stack(0x0000000002fb0000,0x00000000030b0000)]
  0x00000000359eb760 JavaThread "TimerQueue" daemon [_thread_blocked, id=21132, stack(0x0000000032340000,0x0000000032440000)]

Other Threads:
  0x000000001b00d9f0 VMThread "VM Thread" [stack: 0x0000000031830000,0x0000000031930000] [id=41976]
  0x00000000317babc0 WatcherThread [stack: 0x0000000032750000,0x0000000032850000] [id=41760]
  0x000000001ae80a80 GCTaskThread "GC Thread#0" [stack: 0x000000002de90000,0x000000002df90000] [id=32572]
  0x0000000035b7e650 GCTaskThread "GC Thread#1" [stack: 0x0000000036700000,0x0000000036800000] [id=40492]
  0x0000000035b7c010 GCTaskThread "GC Thread#2" [stack: 0x0000000036800000,0x0000000036900000] [id=42516]
  0x0000000035b7bce0 GCTaskThread "GC Thread#3" [stack: 0x0000000036900000,0x0000000036a00000] [id=38780]
  0x0000000035b7e980 GCTaskThread "GC Thread#4" [stack: 0x0000000036a00000,0x0000000036b00000] [id=38380]
  0x0000000035b7c670 GCTaskThread "GC Thread#5" [stack: 0x0000000036b00000,0x0000000036c00000] [id=42508]
  0x0000000035b7dcc0 GCTaskThread "GC Thread#6" [stack: 0x0000000036c00000,0x0000000036d00000] [id=39336]
  0x0000000035b7c340 GCTaskThread "GC Thread#7" [stack: 0x0000000036e00000,0x0000000036f00000] [id=38964]
  0x00000000039ab6b0 ConcurrentGCThread "G1 Main Marker" [stack: 0x000000002df90000,0x000000002e090000] [id=40580]
  0x00000000039ac850 ConcurrentGCThread "G1 Conc#0" [stack: 0x000000002e090000,0x000000002e190000] [id=38412]
  0x000000001af5fcd0 ConcurrentGCThread "G1 Refine#0" [stack: 0x0000000030a30000,0x0000000030b30000] [id=28200]
  0x0000000037a75ec0 ConcurrentGCThread "G1 Refine#1" [stack: 0x000000003afb0000,0x000000003b0b0000] [id=35796]
  0x0000000037a74a80 ConcurrentGCThread "G1 Refine#2" [stack: 0x000000003b0b0000,0x000000003b1b0000] [id=29084]
  0x0000000037a76220 ConcurrentGCThread "G1 Refine#3" [stack: 0x000000003b1b0000,0x000000003b2b0000] [id=40304]
  0x0000000037a76fa0 ConcurrentGCThread "G1 Refine#4" [stack: 0x000000003b2b0000,0x000000003b3b0000] [id=40472]
  0x0000000037a779c0 ConcurrentGCThread "G1 Refine#5" [stack: 0x000000003aeb0000,0x000000003afb0000] [id=41052]
=>0x000000001af61430 ConcurrentGCThread "G1 Young RemSet Sampling" [stack: 0x0000000030b30000,0x0000000030c30000] [id=29200]

Threads with active compile tasks:

VM state: not at safepoint (normal execution)

VM Mutex/Monitor currently owned by a thread:  ([mutex/lock_event])
[0x0000000003962fa0] Heap_lock - owner thread: 0x000000001af61430

Heap address: 0x0000000603000000, size: 8144 MB, Compressed Oops mode: Zero based, Oop shift amount: 3
CDS archive(s) mapped at: [0x0000000800000000-0x0000000800b50000-0x0000000800b50000), size 11862016, SharedBaseAddress: 0x0000000800000000, ArchiveRelocationMode: 0.
Compressed class space mapped at: 0x0000000800b50000-0x0000000840b50000, size: 1073741824
Narrow klass base: 0x0000000800000000, Narrow klass shift: 3, Narrow klass range: 0x100000000

GC Precious Log:
 CPUs: 8 total, 8 available
 Memory: 32574M
 Large Page Support: Disabled
 NUMA Support: Disabled
 Compressed Oops: Enabled (Zero based)
 Heap Region Size: 4M
 Heap Min Capacity: 8M
 Heap Initial Capacity: 512M
 Heap Max Capacity: 8144M
 Pre-touch: Disabled
 Parallel Workers: 8
 Concurrent Workers: 2
 Concurrent Refinement Workers: 8
 Periodic GC: Disabled

Heap:
 garbage-first heap   total 630784K, used 106325K [0x0000000603000000, 0x0000000800000000)
  region size 4096K, 10 young (40960K), 9 survivors (36864K)
 Metaspace       used 20635K, capacity 20960K, committed 21120K, reserved 1067008K
  class space    used 2474K, capacity 2577K, committed 2688K, reserved 1048576K

Heap Regions: E=young(eden), S=young(survivor), O=old, HS=humongous(starts), HC=humongous(continues), CS=collection set, F=free, OA=open archive, CA=closed archive, TAMS=top-at-mark-start (previous, next)
|   0|0x0000000603000000, 0x0000000603400000, 0x0000000603400000|100%|HS|  |TAMS 0x0000000603000000, 0x0000000603000000| Complete 
|   1|0x0000000603400000, 0x0000000603800000, 0x0000000603800000|100%|HS|  |TAMS 0x0000000603400000, 0x0000000603400000| Complete 
|   2|0x0000000603800000, 0x0000000603c00000, 0x0000000603c00000|100%|HC|  |TAMS 0x0000000603800000, 0x0000000603800000| Complete 
|   3|0x0000000603c00000, 0x0000000604000000, 0x0000000604000000|100%| O|  |TAMS 0x0000000603c00000, 0x0000000603c00000| Untracked 
|   4|0x0000000604000000, 0x0000000604400000, 0x0000000604400000|100%| O|  |TAMS 0x0000000604000000, 0x0000000604000000| Untracked 
|   5|0x0000000604400000, 0x0000000604800000, 0x0000000604800000|100%|HS|  |TAMS 0x0000000604400000, 0x0000000604400000| Complete 
|   6|0x0000000604800000, 0x0000000604c00000, 0x0000000604c00000|100%| O|  |TAMS 0x0000000604800000, 0x0000000604800000| Untracked 
|   7|0x0000000604c00000, 0x0000000605000000, 0x0000000605000000|100%| O|  |TAMS 0x0000000604c00000, 0x0000000604c00000| Untracked 
|   8|0x0000000605000000, 0x0000000605400000, 0x0000000605400000|100%| O|  |TAMS 0x0000000605000000, 0x0000000605000000| Untracked 
|   9|0x0000000605400000, 0x0000000605800000, 0x0000000605800000|100%| O|  |TAMS 0x0000000605400000, 0x0000000605400000| Untracked 
|  10|0x0000000605800000, 0x0000000605c00000, 0x0000000605c00000|100%| O|  |TAMS 0x0000000605800000, 0x0000000605800000| Untracked 
|  11|0x0000000605c00000, 0x0000000606000000, 0x0000000606000000|100%| O|  |TAMS 0x0000000605c00000, 0x0000000605c00000| Untracked 
|  12|0x0000000606000000, 0x0000000606400000, 0x0000000606400000|100%| O|  |TAMS 0x0000000606000000, 0x0000000606000000| Untracked 
|  13|0x0000000606400000, 0x0000000606800000, 0x0000000606800000|100%| O|  |TAMS 0x0000000606400000, 0x0000000606400000| Untracked 
|  14|0x0000000606800000, 0x0000000606c00000, 0x0000000606c00000|100%| O|  |TAMS 0x0000000606800000, 0x0000000606800000| Untracked 
|  15|0x0000000606c00000, 0x0000000607000000, 0x0000000607000000|100%| O|  |TAMS 0x0000000606c00000, 0x0000000606c00000| Untracked 
|  16|0x0000000607000000, 0x00000006073d5400, 0x0000000607400000| 95%| O|  |TAMS 0x0000000607000000, 0x0000000607000000| Untracked 
|  17|0x0000000607400000, 0x0000000607400000, 0x0000000607800000|  0%| F|  |TAMS 0x0000000607400000, 0x0000000607400000| Untracked 
|  18|0x0000000607800000, 0x0000000607800000, 0x0000000607c00000|  0%| F|  |TAMS 0x0000000607800000, 0x0000000607800000| Untracked 
|  19|0x0000000607c00000, 0x0000000607c00000, 0x0000000608000000|  0%| F|  |TAMS 0x0000000607c00000, 0x0000000607c00000| Untracked 
|  20|0x0000000608000000, 0x0000000608000000, 0x0000000608400000|  0%| F|  |TAMS 0x0000000608000000, 0x0000000608000000| Untracked 
|  21|0x0000000608400000, 0x0000000608400000, 0x0000000608800000|  0%| F|  |TAMS 0x0000000608400000, 0x0000000608400000| Untracked 
|  22|0x0000000608800000, 0x0000000608800000, 0x0000000608c00000|  0%| F|  |TAMS 0x0000000608800000, 0x0000000608800000| Untracked 
|  23|0x0000000608c00000, 0x0000000608c00000, 0x0000000609000000|  0%| F|  |TAMS 0x0000000608c00000, 0x0000000608c00000| Untracked 
|  24|0x0000000609000000, 0x0000000609000000, 0x0000000609400000|  0%| F|  |TAMS 0x0000000609000000, 0x0000000609000000| Untracked 
|  25|0x0000000609400000, 0x0000000609400000, 0x0000000609800000|  0%| F|  |TAMS 0x0000000609400000, 0x0000000609400000| Untracked 
|  26|0x0000000609800000, 0x0000000609800000, 0x0000000609c00000|  0%| F|  |TAMS 0x0000000609800000, 0x0000000609800000| Untracked 
|  27|0x0000000609c00000, 0x0000000609c00000, 0x000000060a000000|  0%| F|  |TAMS 0x0000000609c00000, 0x0000000609c00000| Untracked 
|  28|0x000000060a000000, 0x000000060a000000, 0x000000060a400000|  0%| F|  |TAMS 0x000000060a000000, 0x000000060a000000| Untracked 
|  29|0x000000060a400000, 0x000000060a400000, 0x000000060a800000|  0%| F|  |TAMS 0x000000060a400000, 0x000000060a400000| Untracked 
|  30|0x000000060a800000, 0x000000060a800000, 0x000000060ac00000|  0%| F|  |TAMS 0x000000060a800000, 0x000000060a800000| Untracked 
|  31|0x000000060ac00000, 0x000000060ac00000, 0x000000060b000000|  0%| F|  |TAMS 0x000000060ac00000, 0x000000060ac00000| Untracked 
|  32|0x000000060b000000, 0x000000060b000000, 0x000000060b400000|  0%| F|  |TAMS 0x000000060b000000, 0x000000060b000000| Untracked 
|  33|0x000000060b400000, 0x000000060b400000, 0x000000060b800000|  0%| F|  |TAMS 0x000000060b400000, 0x000000060b400000| Untracked 
|  34|0x000000060b800000, 0x000000060b800000, 0x000000060bc00000|  0%| F|  |TAMS 0x000000060b800000, 0x000000060b800000| Untracked 
|  35|0x000000060bc00000, 0x000000060bc00000, 0x000000060c000000|  0%| F|  |TAMS 0x000000060bc00000, 0x000000060bc00000| Untracked 
|  36|0x000000060c000000, 0x000000060c000000, 0x000000060c400000|  0%| F|  |TAMS 0x000000060c000000, 0x000000060c000000| Untracked 
|  37|0x000000060c400000, 0x000000060c400000, 0x000000060c800000|  0%| F|  |TAMS 0x000000060c400000, 0x000000060c400000| Untracked 
|  38|0x000000060c800000, 0x000000060c800000, 0x000000060cc00000|  0%| F|  |TAMS 0x000000060c800000, 0x000000060c800000| Untracked 
|  39|0x000000060cc00000, 0x000000060cc00000, 0x000000060d000000|  0%| F|  |TAMS 0x000000060cc00000, 0x000000060cc00000| Untracked 
|  40|0x000000060d000000, 0x000000060d000000, 0x000000060d400000|  0%| F|  |TAMS 0x000000060d000000, 0x000000060d000000| Untracked 
|  41|0x000000060d400000, 0x000000060d400000, 0x000000060d800000|  0%| F|  |TAMS 0x000000060d400000, 0x000000060d400000| Untracked 
|  42|0x000000060d800000, 0x000000060d800000, 0x000000060dc00000|  0%| F|  |TAMS 0x000000060d800000, 0x000000060d800000| Untracked 
|  43|0x000000060dc00000, 0x000000060dc00000, 0x000000060e000000|  0%| F|  |TAMS 0x000000060dc00000, 0x000000060dc00000| Untracked 
|  44|0x000000060e000000, 0x000000060e000000, 0x000000060e400000|  0%| F|  |TAMS 0x000000060e000000, 0x000000060e000000| Untracked 
|  45|0x000000060e400000, 0x000000060e400000, 0x000000060e800000|  0%| F|  |TAMS 0x000000060e400000, 0x000000060e400000| Untracked 
|  46|0x000000060e800000, 0x000000060e800000, 0x000000060ec00000|  0%| F|  |TAMS 0x000000060e800000, 0x000000060e800000| Untracked 
|  47|0x000000060ec00000, 0x000000060ec00000, 0x000000060f000000|  0%| F|  |TAMS 0x000000060ec00000, 0x000000060ec00000| Untracked 
|  48|0x000000060f000000, 0x000000060f000000, 0x000000060f400000|  0%| F|  |TAMS 0x000000060f000000, 0x000000060f000000| Untracked 
|  49|0x000000060f400000, 0x000000060f800000, 0x000000060f800000|100%| S|CS|TAMS 0x000000060f400000, 0x000000060f400000| Complete 
|  50|0x000000060f800000, 0x000000060fc00000, 0x000000060fc00000|100%| S|CS|TAMS 0x000000060f800000, 0x000000060f800000| Complete 
|  51|0x000000060fc00000, 0x0000000610000000, 0x0000000610000000|100%| S|CS|TAMS 0x000000060fc00000, 0x000000060fc00000| Complete 
|  52|0x0000000610000000, 0x0000000610400000, 0x0000000610400000|100%| S|CS|TAMS 0x0000000610000000, 0x0000000610000000| Complete 
|  53|0x0000000610400000, 0x0000000610800000, 0x0000000610800000|100%| S|CS|TAMS 0x0000000610400000, 0x0000000610400000| Complete 
|  54|0x0000000610800000, 0x0000000610c00000, 0x0000000610c00000|100%| S|CS|TAMS 0x0000000610800000, 0x0000000610800000| Complete 
|  55|0x0000000610c00000, 0x0000000611000000, 0x0000000611000000|100%| S|CS|TAMS 0x0000000610c00000, 0x0000000610c00000| Complete 
|  56|0x0000000611000000, 0x0000000611400000, 0x0000000611400000|100%| S|CS|TAMS 0x0000000611000000, 0x0000000611000000| Complete 
|  57|0x0000000611400000, 0x0000000611800000, 0x0000000611800000|100%| S|CS|TAMS 0x0000000611400000, 0x0000000611400000| Complete 
|  58|0x0000000611800000, 0x0000000611800000, 0x0000000611c00000|  0%| F|  |TAMS 0x0000000611800000, 0x0000000611800000| Untracked 
|  59|0x0000000611c00000, 0x0000000611c00000, 0x0000000612000000|  0%| F|  |TAMS 0x0000000611c00000, 0x0000000611c00000| Untracked 
|  60|0x0000000612000000, 0x0000000612000000, 0x0000000612400000|  0%| F|  |TAMS 0x0000000612000000, 0x0000000612000000| Untracked 
|  61|0x0000000612400000, 0x0000000612400000, 0x0000000612800000|  0%| F|  |TAMS 0x0000000612400000, 0x0000000612400000| Untracked 
|  62|0x0000000612800000, 0x0000000612800000, 0x0000000612c00000|  0%| F|  |TAMS 0x0000000612800000, 0x0000000612800000| Untracked 
|  63|0x0000000612c00000, 0x0000000612c00000, 0x0000000613000000|  0%| F|  |TAMS 0x0000000612c00000, 0x0000000612c00000| Untracked 
|  64|0x0000000613000000, 0x0000000613000000, 0x0000000613400000|  0%| F|  |TAMS 0x0000000613000000, 0x0000000613000000| Untracked 
|  65|0x0000000613400000, 0x0000000613400000, 0x0000000613800000|  0%| F|  |TAMS 0x0000000613400000, 0x0000000613400000| Untracked 
|  66|0x0000000613800000, 0x0000000613800000, 0x0000000613c00000|  0%| F|  |TAMS 0x0000000613800000, 0x0000000613800000| Untracked 
|  67|0x0000000613c00000, 0x0000000613c00000, 0x0000000614000000|  0%| F|  |TAMS 0x0000000613c00000, 0x0000000613c00000| Untracked 
|  68|0x0000000614000000, 0x0000000614000000, 0x0000000614400000|  0%| F|  |TAMS 0x0000000614000000, 0x0000000614000000| Untracked 
|  69|0x0000000614400000, 0x0000000614400000, 0x0000000614800000|  0%| F|  |TAMS 0x0000000614400000, 0x0000000614400000| Untracked 
|  70|0x0000000614800000, 0x0000000614800000, 0x0000000614c00000|  0%| F|  |TAMS 0x0000000614800000, 0x0000000614800000| Untracked 
|  71|0x0000000614c00000, 0x0000000614c00000, 0x0000000615000000|  0%| F|  |TAMS 0x0000000614c00000, 0x0000000614c00000| Untracked 
|  72|0x0000000615000000, 0x0000000615000000, 0x0000000615400000|  0%| F|  |TAMS 0x0000000615000000, 0x0000000615000000| Untracked 
|  73|0x0000000615400000, 0x0000000615400000, 0x0000000615800000|  0%| F|  |TAMS 0x0000000615400000, 0x0000000615400000| Untracked 
|  74|0x0000000615800000, 0x0000000615800000, 0x0000000615c00000|  0%| F|  |TAMS 0x0000000615800000, 0x0000000615800000| Untracked 
|  75|0x0000000615c00000, 0x0000000615c00000, 0x0000000616000000|  0%| F|  |TAMS 0x0000000615c00000, 0x0000000615c00000| Untracked 
|  76|0x0000000616000000, 0x0000000616000000, 0x0000000616400000|  0%| F|  |TAMS 0x0000000616000000, 0x0000000616000000| Untracked 
|  77|0x0000000616400000, 0x0000000616400000, 0x0000000616800000|  0%| F|  |TAMS 0x0000000616400000, 0x0000000616400000| Untracked 
|  78|0x0000000616800000, 0x0000000616800000, 0x0000000616c00000|  0%| F|  |TAMS 0x0000000616800000, 0x0000000616800000| Untracked 
|  79|0x0000000616c00000, 0x0000000616c00000, 0x0000000617000000|  0%| F|  |TAMS 0x0000000616c00000, 0x0000000616c00000| Untracked 
|  80|0x0000000617000000, 0x0000000617000000, 0x0000000617400000|  0%| F|  |TAMS 0x0000000617000000, 0x0000000617000000| Untracked 
|  81|0x0000000617400000, 0x0000000617400000, 0x0000000617800000|  0%| F|  |TAMS 0x0000000617400000, 0x0000000617400000| Untracked 
|  82|0x0000000617800000, 0x0000000617800000, 0x0000000617c00000|  0%| F|  |TAMS 0x0000000617800000, 0x0000000617800000| Untracked 
|  83|0x0000000617c00000, 0x0000000617c00000, 0x0000000618000000|  0%| F|  |TAMS 0x0000000617c00000, 0x0000000617c00000| Untracked 
|  84|0x0000000618000000, 0x0000000618000000, 0x0000000618400000|  0%| F|  |TAMS 0x0000000618000000, 0x0000000618000000| Untracked 
|  85|0x0000000618400000, 0x0000000618400000, 0x0000000618800000|  0%| F|  |TAMS 0x0000000618400000, 0x0000000618400000| Untracked 
|  86|0x0000000618800000, 0x0000000618800000, 0x0000000618c00000|  0%| F|  |TAMS 0x0000000618800000, 0x0000000618800000| Untracked 
|  87|0x0000000618c00000, 0x0000000618c00000, 0x0000000619000000|  0%| F|  |TAMS 0x0000000618c00000, 0x0000000618c00000| Untracked 
|  88|0x0000000619000000, 0x0000000619000000, 0x0000000619400000|  0%| F|  |TAMS 0x0000000619000000, 0x0000000619000000| Untracked 
|  89|0x0000000619400000, 0x0000000619400000, 0x0000000619800000|  0%| F|  |TAMS 0x0000000619400000, 0x0000000619400000| Untracked 
|  90|0x0000000619800000, 0x0000000619800000, 0x0000000619c00000|  0%| F|  |TAMS 0x0000000619800000, 0x0000000619800000| Untracked 
|  91|0x0000000619c00000, 0x0000000619c00000, 0x000000061a000000|  0%| F|  |TAMS 0x0000000619c00000, 0x0000000619c00000| Untracked 
|  92|0x000000061a000000, 0x000000061a000000, 0x000000061a400000|  0%| F|  |TAMS 0x000000061a000000, 0x000000061a000000| Untracked 
|  93|0x000000061a400000, 0x000000061a400000, 0x000000061a800000|  0%| F|  |TAMS 0x000000061a400000, 0x000000061a400000| Untracked 
|  94|0x000000061a800000, 0x000000061a800000, 0x000000061ac00000|  0%| F|  |TAMS 0x000000061a800000, 0x000000061a800000| Untracked 
|  95|0x000000061ac00000, 0x000000061ac00000, 0x000000061b000000|  0%| F|  |TAMS 0x000000061ac00000, 0x000000061ac00000| Untracked 
|  96|0x000000061b000000, 0x000000061b000000, 0x000000061b400000|  0%| F|  |TAMS 0x000000061b000000, 0x000000061b000000| Untracked 
|  97|0x000000061b400000, 0x000000061b400000, 0x000000061b800000|  0%| F|  |TAMS 0x000000061b400000, 0x000000061b400000| Untracked 
|  98|0x000000061b800000, 0x000000061b800000, 0x000000061bc00000|  0%| F|  |TAMS 0x000000061b800000, 0x000000061b800000| Untracked 
|  99|0x000000061bc00000, 0x000000061bc00000, 0x000000061c000000|  0%| F|  |TAMS 0x000000061bc00000, 0x000000061bc00000| Untracked 
| 100|0x000000061c000000, 0x000000061c000000, 0x000000061c400000|  0%| F|  |TAMS 0x000000061c000000, 0x000000061c000000| Untracked 
| 101|0x000000061c400000, 0x000000061c400000, 0x000000061c800000|  0%| F|  |TAMS 0x000000061c400000, 0x000000061c400000| Untracked 
| 102|0x000000061c800000, 0x000000061c800000, 0x000000061cc00000|  0%| F|  |TAMS 0x000000061c800000, 0x000000061c800000| Untracked 
| 103|0x000000061cc00000, 0x000000061cc00000, 0x000000061d000000|  0%| F|  |TAMS 0x000000061cc00000, 0x000000061cc00000| Untracked 
| 104|0x000000061d000000, 0x000000061d000000, 0x000000061d400000|  0%| F|  |TAMS 0x000000061d000000, 0x000000061d000000| Untracked 
| 105|0x000000061d400000, 0x000000061d400000, 0x000000061d800000|  0%| F|  |TAMS 0x000000061d400000, 0x000000061d400000| Untracked 
| 106|0x000000061d800000, 0x000000061d800000, 0x000000061dc00000|  0%| F|  |TAMS 0x000000061d800000, 0x000000061d800000| Untracked 
| 107|0x000000061dc00000, 0x000000061dc00000, 0x000000061e000000|  0%| F|  |TAMS 0x000000061dc00000, 0x000000061dc00000| Untracked 
| 108|0x000000061e000000, 0x000000061e000000, 0x000000061e400000|  0%| F|  |TAMS 0x000000061e000000, 0x000000061e000000| Untracked 
| 109|0x000000061e400000, 0x000000061e400000, 0x000000061e800000|  0%| F|  |TAMS 0x000000061e400000, 0x000000061e400000| Untracked 
| 110|0x000000061e800000, 0x000000061e800000, 0x000000061ec00000|  0%| F|  |TAMS 0x000000061e800000, 0x000000061e800000| Untracked 
| 111|0x000000061ec00000, 0x000000061ec00000, 0x000000061f000000|  0%| F|  |TAMS 0x000000061ec00000, 0x000000061ec00000| Untracked 
| 112|0x000000061f000000, 0x000000061f000000, 0x000000061f400000|  0%| F|  |TAMS 0x000000061f000000, 0x000000061f000000| Untracked 
| 113|0x000000061f400000, 0x000000061f400000, 0x000000061f800000|  0%| F|  |TAMS 0x000000061f400000, 0x000000061f400000| Untracked 
| 114|0x000000061f800000, 0x000000061f800000, 0x000000061fc00000|  0%| F|  |TAMS 0x000000061f800000, 0x000000061f800000| Untracked 
| 115|0x000000061fc00000, 0x000000061fc00000, 0x0000000620000000|  0%| F|  |TAMS 0x000000061fc00000, 0x000000061fc00000| Untracked 
| 116|0x0000000620000000, 0x0000000620000000, 0x0000000620400000|  0%| F|  |TAMS 0x0000000620000000, 0x0000000620000000| Untracked 
| 117|0x0000000620400000, 0x0000000620400000, 0x0000000620800000|  0%| F|  |TAMS 0x0000000620400000, 0x0000000620400000| Untracked 
| 118|0x0000000620800000, 0x0000000620800000, 0x0000000620c00000|  0%| F|  |TAMS 0x0000000620800000, 0x0000000620800000| Untracked 
| 119|0x0000000620c00000, 0x0000000620c00000, 0x0000000621000000|  0%| F|  |TAMS 0x0000000620c00000, 0x0000000620c00000| Untracked 
| 120|0x0000000621000000, 0x0000000621000000, 0x0000000621400000|  0%| F|  |TAMS 0x0000000621000000, 0x0000000621000000| Untracked 
| 121|0x0000000621400000, 0x0000000621400000, 0x0000000621800000|  0%| F|  |TAMS 0x0000000621400000, 0x0000000621400000| Untracked 
| 122|0x0000000621800000, 0x0000000621800000, 0x0000000621c00000|  0%| F|  |TAMS 0x0000000621800000, 0x0000000621800000| Untracked 
| 123|0x0000000621c00000, 0x0000000621c00000, 0x0000000622000000|  0%| F|  |TAMS 0x0000000621c00000, 0x0000000621c00000| Untracked 
| 124|0x0000000622000000, 0x0000000622000000, 0x0000000622400000|  0%| F|  |TAMS 0x0000000622000000, 0x0000000622000000| Untracked 
| 125|0x0000000622400000, 0x0000000622400000, 0x0000000622800000|  0%| F|  |TAMS 0x0000000622400000, 0x0000000622400000| Untracked 
| 126|0x0000000622800000, 0x0000000622800000, 0x0000000622c00000|  0%| F|  |TAMS 0x0000000622800000, 0x0000000622800000| Untracked 
| 127|0x0000000622c00000, 0x0000000622c00000, 0x0000000623000000|  0%| F|  |TAMS 0x0000000622c00000, 0x0000000622c00000| Untracked 
| 128|0x0000000623000000, 0x0000000623000000, 0x0000000623400000|  0%| F|  |TAMS 0x0000000623000000, 0x0000000623000000| Untracked 
| 129|0x0000000623400000, 0x0000000623400000, 0x0000000623800000|  0%| F|  |TAMS 0x0000000623400000, 0x0000000623400000| Untracked 
| 130|0x0000000623800000, 0x0000000623800000, 0x0000000623c00000|  0%| F|  |TAMS 0x0000000623800000, 0x0000000623800000| Untracked 
| 131|0x0000000623c00000, 0x0000000623c00000, 0x0000000624000000|  0%| F|  |TAMS 0x0000000623c00000, 0x0000000623c00000| Untracked 
| 132|0x0000000624000000, 0x0000000624000000, 0x0000000624400000|  0%| F|  |TAMS 0x0000000624000000, 0x0000000624000000| Untracked 
| 133|0x0000000624400000, 0x0000000624400000, 0x0000000624800000|  0%| F|  |TAMS 0x0000000624400000, 0x0000000624400000| Untracked 
| 134|0x0000000624800000, 0x0000000624800000, 0x0000000624c00000|  0%| F|  |TAMS 0x0000000624800000, 0x0000000624800000| Untracked 
| 135|0x0000000624c00000, 0x0000000624c00000, 0x0000000625000000|  0%| F|  |TAMS 0x0000000624c00000, 0x0000000624c00000| Untracked 
| 136|0x0000000625000000, 0x0000000625000000, 0x0000000625400000|  0%| F|  |TAMS 0x0000000625000000, 0x0000000625000000| Untracked 
| 137|0x0000000625400000, 0x0000000625400000, 0x0000000625800000|  0%| F|  |TAMS 0x0000000625400000, 0x0000000625400000| Untracked 
| 138|0x0000000625800000, 0x0000000625800000, 0x0000000625c00000|  0%| F|  |TAMS 0x0000000625800000, 0x0000000625800000| Untracked 
| 139|0x0000000625c00000, 0x0000000625c00000, 0x0000000626000000|  0%| F|  |TAMS 0x0000000625c00000, 0x0000000625c00000| Untracked 
| 140|0x0000000626000000, 0x0000000626000000, 0x0000000626400000|  0%| F|  |TAMS 0x0000000626000000, 0x0000000626000000| Untracked 
| 141|0x0000000626400000, 0x0000000626400000, 0x0000000626800000|  0%| F|  |TAMS 0x0000000626400000, 0x0000000626400000| Untracked 
| 142|0x0000000626800000, 0x0000000626800000, 0x0000000626c00000|  0%| F|  |TAMS 0x0000000626800000, 0x0000000626800000| Untracked 
| 143|0x0000000626c00000, 0x0000000626c00000, 0x0000000627000000|  0%| F|  |TAMS 0x0000000626c00000, 0x0000000626c00000| Untracked 
| 144|0x0000000627000000, 0x0000000627000000, 0x0000000627400000|  0%| F|  |TAMS 0x0000000627000000, 0x0000000627000000| Untracked 
| 145|0x0000000627400000, 0x0000000627400000, 0x0000000627800000|  0%| F|  |TAMS 0x0000000627400000, 0x0000000627400000| Untracked 
| 146|0x0000000627800000, 0x0000000627800000, 0x0000000627c00000|  0%| F|  |TAMS 0x0000000627800000, 0x0000000627800000| Untracked 
| 147|0x0000000627c00000, 0x0000000627c00000, 0x0000000628000000|  0%| F|  |TAMS 0x0000000627c00000, 0x0000000627c00000| Untracked 
| 148|0x0000000628000000, 0x0000000628000000, 0x0000000628400000|  0%| F|  |TAMS 0x0000000628000000, 0x0000000628000000| Untracked 
| 149|0x0000000628400000, 0x0000000628400000, 0x0000000628800000|  0%| F|  |TAMS 0x0000000628400000, 0x0000000628400000| Untracked 
| 150|0x0000000628800000, 0x0000000628800000, 0x0000000628c00000|  0%| F|  |TAMS 0x0000000628800000, 0x0000000628800000| Untracked 
| 151|0x0000000628c00000, 0x0000000628c00000, 0x0000000629000000|  0%| F|  |TAMS 0x0000000628c00000, 0x0000000628c00000| Untracked 
| 152|0x0000000629000000, 0x0000000629000000, 0x0000000629400000|  0%| F|  |TAMS 0x0000000629000000, 0x0000000629000000| Untracked 
| 153|0x0000000629400000, 0x0000000629600800, 0x0000000629800000| 50%| E|  |TAMS 0x0000000629400000, 0x0000000629400000| Complete 

Card table byte_map: [0x000000001c030000,0x000000001d020000] _byte_map_base: 0x0000000019018000

Marking Bits (Prev, Next): (CMBitMap*) 0x000000000399ee80, (CMBitMap*) 0x000000000399eec0
 Prev Bits: [0x000000001e010000, 0x0000000025f50000)
 Next Bits: [0x0000000025f50000, 0x000000002de90000)

Polling page: 0x00000000030b0000

Metaspace:

Usage:
  Non-class:     17.95 MB capacity,    17.74 MB ( 99%) used,   190.30 KB (  1%) free+waste,    31.38 KB ( <1%) overhead. 
      Class:      2.52 MB capacity,     2.42 MB ( 96%) used,    89.70 KB (  3%) free+waste,    12.69 KB ( <1%) overhead. 
       Both:     20.47 MB capacity,    20.15 MB ( 98%) used,   279.99 KB (  1%) free+waste,    44.06 KB ( <1%) overhead. 

Virtual space:
  Non-class space:       18.00 MB reserved,      18.00 MB (100%) committed 
      Class space:        1.00 GB reserved,       2.63 MB ( <1%) committed 
             Both:        1.02 GB reserved,      20.63 MB (  2%) committed 

Chunk freelists:
   Non-Class:  49.00 KB
       Class:  15.00 KB
        Both:  64.00 KB

MaxMetaspaceSize: 17179869184.00 GB
CompressedClassSpaceSize: 1.00 GB

CodeHeap 'non-profiled nmethods': size=120000Kb used=2164Kb max_used=2164Kb free=117835Kb
 bounds [0x00000000135e0000, 0x0000000013850000, 0x000000001ab10000]
CodeHeap 'profiled nmethods': size=120000Kb used=6638Kb max_used=6638Kb free=113361Kb
 bounds [0x000000000c0b0000, 0x000000000c730000, 0x00000000135e0000]
CodeHeap 'non-nmethods': size=5760Kb used=1369Kb max_used=1461Kb free=4390Kb
 bounds [0x000000000bb10000, 0x000000000bd80000, 0x000000000c0b0000]
 total_blobs=4112 nmethods=3431 adapters=592
 compilation: enabled
              stopped_count=0, restarted_count=0
 full_count=0

Compilation events (20 events):
Event: 22.447 Thread 0x000000001b02ba40 3437       3       org.jsoup.nodes.Element::nodelistChanged (10 bytes)
Event: 22.447 Thread 0x000000001b02ba40 nmethod 3437 0x000000000c726e90 code [0x000000000c727020, 0x000000000c727198]
Event: 22.447 Thread 0x000000001b02ba40 3438       3       org.jsoup.nodes.Node::nodelistChanged (1 bytes)
Event: 22.447 Thread 0x000000001b02ba40 nmethod 3438 0x000000000c727290 code [0x000000000c727420, 0x000000000c727518]
Event: 22.449 Thread 0x000000001b02ba40 3439       3       org.openqa.selenium.By$ById::toString (23 bytes)
Event: 22.450 Thread 0x000000001b02ba40 nmethod 3439 0x000000000c727590 code [0x000000000c7277a0, 0x000000000c727ce8]
Event: 22.450 Thread 0x000000001b02ba40 3440       3       application.element.factory.WindowsBy::setAttributeIndexByByMethod (350 bytes)
Event: 22.450 Thread 0x000000001b02ba40 nmethod 3440 0x000000000c727f10 code [0x000000000c728200, 0x000000000c729148]
Event: 22.455 Thread 0x000000001b02ba40 3441       3       application.element.factory.WindowsBy::<init> (83 bytes)
Event: 22.456 Thread 0x000000001b02ba40 nmethod 3441 0x000000000c729510 code [0x000000000c729720, 0x000000000c729ca8]
Event: 22.466 Thread 0x000000001b02ba40 3442       3       org.jsoup.nodes.Element::searchUpForAttribute (44 bytes)
Event: 22.466 Thread 0x000000001b02ba40 nmethod 3442 0x000000000c729f10 code [0x000000000c72a120, 0x000000000c72a918]
Event: 22.466 Thread 0x000000001b02ba40 3443       3       org.jsoup.nodes.Attributes::hasKey (15 bytes)
Event: 22.466 Thread 0x000000001b02ba40 nmethod 3443 0x000000000c72ac10 code [0x000000000c72adc0, 0x000000000c72af68]
Event: 22.466 Thread 0x000000001b02ba40 3444       3       org.jsoup.nodes.Attributes::get (26 bytes)
Event: 22.466 Thread 0x000000001b02ba40 nmethod 3444 0x000000000c72b010 code [0x000000000c72b1c0, 0x000000000c72b448]
Event: 22.466 Thread 0x000000001b02ba40 3445       3       org.jsoup.nodes.Attributes::checkNotNull (11 bytes)
Event: 22.466 Thread 0x000000001b02ba40 nmethod 3445 0x000000000c72b590 code [0x000000000c72b720, 0x000000000c72b858]
Event: 27.916 Thread 0x000000001b02b050 3446       4       application.element.factory.WindowsProperty::getPropertyIndex (814 bytes)
Event: 27.981 Thread 0x000000001b02b050 nmethod 3446 0x00000000137fa690 code [0x00000000137fa980, 0x00000000137fc878]

GC Heap History (16 events):
Event: 2.073 GC heap before
{Heap before GC invocations=0 (full 0):
 garbage-first heap   total 524288K, used 28672K [0x0000000603000000, 0x0000000800000000)
  region size 4096K, 6 young (24576K), 0 survivors (0K)
 Metaspace       used 7638K, capacity 7830K, committed 8192K, reserved 1056768K
  class space    used 835K, capacity 898K, committed 1024K, reserved 1048576K
}
Event: 2.079 GC heap after
{Heap after GC invocations=1 (full 0):
 garbage-first heap   total 524288K, used 8075K [0x0000000603000000, 0x0000000800000000)
  region size 4096K, 1 young (4096K), 1 survivors (4096K)
 Metaspace       used 7638K, capacity 7830K, committed 8192K, reserved 1056768K
  class space    used 835K, capacity 898K, committed 1024K, reserved 1048576K
}
Event: 8.099 GC heap before
{Heap before GC invocations=1 (full 0):
 garbage-first heap   total 524288K, used 40843K [0x0000000603000000, 0x0000000800000000)
  region size 4096K, 7 young (28672K), 1 survivors (4096K)
 Metaspace       used 16906K, capacity 17082K, committed 17152K, reserved 1064960K
  class space    used 1935K, capacity 2013K, committed 2048K, reserved 1048576K
}
Event: 8.103 GC heap after
{Heap after GC invocations=2 (full 0):
 garbage-first heap   total 524288K, used 19173K [0x0000000603000000, 0x0000000800000000)
  region size 4096K, 1 young (4096K), 1 survivors (4096K)
 Metaspace       used 16906K, capacity 17082K, committed 17152K, reserved 1064960K
  class space    used 1935K, capacity 2013K, committed 2048K, reserved 1048576K
}
Event: 8.453 GC heap before
{Heap before GC invocations=2 (full 0):
 garbage-first heap   total 524288K, used 68325K [0x0000000603000000, 0x0000000800000000)
  region size 4096K, 13 young (53248K), 1 survivors (4096K)
 Metaspace       used 16989K, capacity 17210K, committed 17408K, reserved 1064960K
  class space    used 1936K, capacity 2013K, committed 2048K, reserved 1048576K
}
Event: 8.466 GC heap after
{Heap after GC invocations=3 (full 0):
 garbage-first heap   total 524288K, used 24860K [0x0000000603000000, 0x0000000800000000)
  region size 4096K, 2 young (8192K), 2 survivors (8192K)
 Metaspace       used 16989K, capacity 17210K, committed 17408K, reserved 1064960K
  class space    used 1936K, capacity 2013K, committed 2048K, reserved 1048576K
}
Event: 13.887 GC heap before
{Heap before GC invocations=3 (full 0):
 garbage-first heap   total 524288K, used 278812K [0x0000000603000000, 0x0000000800000000)
  region size 4096K, 63 young (258048K), 2 survivors (8192K)
 Metaspace       used 18230K, capacity 18545K, committed 18688K, reserved 1064960K
  class space    used 2109K, capacity 2220K, committed 2304K, reserved 1048576K
}
Event: 13.996 GC heap after
{Heap after GC invocations=4 (full 0):
 garbage-first heap   total 524288K, used 65041K [0x0000000603000000, 0x0000000800000000)
  region size 4096K, 8 young (32768K), 8 survivors (32768K)
 Metaspace       used 18230K, capacity 18545K, committed 18688K, reserved 1064960K
  class space    used 2109K, capacity 2220K, committed 2304K, reserved 1048576K
}
Event: 15.000 GC heap before
{Heap before GC invocations=4 (full 0):
 garbage-first heap   total 524288K, used 159249K [0x0000000603000000, 0x0000000800000000)
  region size 4096K, 31 young (126976K), 8 survivors (32768K)
 Metaspace       used 18232K, capacity 18545K, committed 18688K, reserved 1064960K
  class space    used 2109K, capacity 2220K, committed 2304K, reserved 1048576K
}
Event: 15.032 GC heap after
{Heap after GC invocations=5 (full 0):
 garbage-first heap   total 524288K, used 56663K [0x0000000603000000, 0x0000000800000000)
  region size 4096K, 4 young (16384K), 4 survivors (16384K)
 Metaspace       used 18232K, capacity 18545K, committed 18688K, reserved 1064960K
  class space    used 2109K, capacity 2220K, committed 2304K, reserved 1048576K
}
Event: 16.317 GC heap before
{Heap before GC invocations=5 (full 0):
 garbage-first heap   total 524288K, used 195927K [0x0000000603000000, 0x0000000800000000)
  region size 4096K, 38 young (155648K), 4 survivors (16384K)
 Metaspace       used 18232K, capacity 18545K, committed 18688K, reserved 1064960K
  class space    used 2109K, capacity 2220K, committed 2304K, reserved 1048576K
}
Event: 16.365 GC heap after
{Heap after GC invocations=6 (full 0):
 garbage-first heap   total 524288K, used 67149K [0x0000000603000000, 0x0000000800000000)
  region size 4096K, 5 young (20480K), 5 survivors (20480K)
 Metaspace       used 18232K, capacity 18545K, committed 18688K, reserved 1064960K
  class space    used 2109K, capacity 2220K, committed 2304K, reserved 1048576K
}
Event: 21.797 GC heap before
{Heap before GC invocations=6 (full 0):
 garbage-first heap   total 524288K, used 271949K [0x0000000603000000, 0x0000000800000000)
  region size 4096K, 55 young (225280K), 5 survivors (20480K)
 Metaspace       used 20622K, capacity 20896K, committed 21120K, reserved 1067008K
  class space    used 2472K, capacity 2577K, committed 2688K, reserved 1048576K
}
Event: 21.865 GC heap after
{Heap after GC invocations=7 (full 0):
 garbage-first heap   total 524288K, used 84845K [0x0000000603000000, 0x0000000800000000)
  region size 4096K, 7 young (28672K), 7 survivors (28672K)
 Metaspace       used 20622K, capacity 20896K, committed 21120K, reserved 1067008K
  class space    used 2472K, capacity 2577K, committed 2688K, reserved 1048576K
}
Event: 28.576 GC heap before
{Heap before GC invocations=7 (full 0):
 garbage-first heap   total 524288K, used 342893K [0x0000000603000000, 0x0000000800000000)
  region size 4096K, 70 young (286720K), 7 survivors (28672K)
 Metaspace       used 20635K, capacity 20960K, committed 21120K, reserved 1067008K
  class space    used 2474K, capacity 2577K, committed 2688K, reserved 1048576K
}
Event: 28.690 GC heap after
{Heap after GC invocations=8 (full 0):
 garbage-first heap   total 630784K, used 106325K [0x0000000603000000, 0x0000000800000000)
  region size 4096K, 9 young (36864K), 9 survivors (36864K)
 Metaspace       used 20635K, capacity 20960K, committed 21120K, reserved 1067008K
  class space    used 2474K, capacity 2577K, committed 2688K, reserved 1048576K
}

Deoptimization events (20 events):
Event: 18.991 Thread 0x00000000329fff40 Uncommon trap: trap_request=0xffffffc6 fr.pc=0x0000000013769778 relative=0x0000000000000538
Event: 18.991 Thread 0x00000000329fff40 Uncommon trap: reason=bimorphic_or_optimized_type_check action=maybe_recompile pc=0x0000000013769778 method=java.util.WeakHashMap.eq(Ljava/lang/Object;Ljava/lang/Object;)Z @ 7 c2
Event: 18.991 Thread 0x00000000329fff40 DEOPT PACKING pc=0x0000000013769778 sp=0x000000003562d9a0
Event: 18.991 Thread 0x00000000329fff40 DEOPT UNPACKING pc=0x000000000bb5e42f sp=0x000000003562d860 mode 2
Event: 19.006 Thread 0x00000000329fff40 Uncommon trap: trap_request=0xffffff45 fr.pc=0x00000000135f2234 relative=0x0000000000000034
Event: 19.006 Thread 0x00000000329fff40 Uncommon trap: reason=unstable_if action=reinterpret pc=0x00000000135f2234 method=java.lang.StringLatin1.canEncode(I)Z @ 4 c2
Event: 19.006 Thread 0x00000000329fff40 DEOPT PACKING pc=0x00000000135f2234 sp=0x000000003562cb70
Event: 19.006 Thread 0x00000000329fff40 DEOPT UNPACKING pc=0x000000000bb5e42f sp=0x000000003562cb00 mode 2
Event: 19.018 Thread 0x00000000329fff40 Uncommon trap: trap_request=0xffffff45 fr.pc=0x000000001364f1d8 relative=0x00000000000001b8
Event: 19.018 Thread 0x00000000329fff40 Uncommon trap: reason=unstable_if action=reinterpret pc=0x000000001364f1d8 method=java.lang.StringLatin1.canEncode(I)Z @ 4 c2
Event: 19.018 Thread 0x00000000329fff40 DEOPT PACKING pc=0x000000001364f1d8 sp=0x000000003562ce70
Event: 19.018 Thread 0x00000000329fff40 DEOPT UNPACKING pc=0x000000000bb5e42f sp=0x000000003562cdd0 mode 2
Event: 19.022 Thread 0x00000000329fff40 Uncommon trap: trap_request=0xffffff45 fr.pc=0x00000000137e9dec relative=0x000000000000026c
Event: 19.022 Thread 0x00000000329fff40 Uncommon trap: reason=unstable_if action=reinterpret pc=0x00000000137e9dec method=org.jsoup.parser.CharacterReader.bufferUp()V @ 4 c2
Event: 19.022 Thread 0x00000000329fff40 DEOPT PACKING pc=0x00000000137e9dec sp=0x000000003562da20
Event: 19.022 Thread 0x00000000329fff40 DEOPT UNPACKING pc=0x000000000bb5e42f sp=0x000000003562d9a8 mode 2
Event: 19.024 Thread 0x00000000329fff40 Uncommon trap: trap_request=0xffffff45 fr.pc=0x00000000137d56e0 relative=0x0000000000000fe0
Event: 19.024 Thread 0x00000000329fff40 Uncommon trap: reason=unstable_if action=reinterpret pc=0x00000000137d56e0 method=application.element.factory.WindowsProperty.getPropertyIndex(Ljava/lang/String;)I @ 13 c2
Event: 19.024 Thread 0x00000000329fff40 DEOPT PACKING pc=0x00000000137d56e0 sp=0x000000003562dc00
Event: 19.024 Thread 0x00000000329fff40 DEOPT UNPACKING pc=0x000000000bb5e42f sp=0x000000003562dbe0 mode 2

Classes unloaded (0 events):
No events

Classes redefined (0 events):
No events

Internal exceptions (20 events):
Event: 8.200 Thread 0x00000000359ecaa0 Implicit null exception at 0x00000000136cf400 to 0x00000000136cf990
Event: 8.208 Thread 0x00000000359ecaa0 Implicit null exception at 0x00000000136d1aa0 to 0x00000000136d2030
Event: 8.393 Thread 0x00000000359ecaa0 Implicit null exception at 0x00000000136f9b13 to 0x00000000136ffdd0
Event: 8.775 Thread 0x00000000329fff40 Implicit null exception at 0x000000001370642d to 0x00000000137083ec
Event: 8.775 Thread 0x00000000329fff40 Implicit null exception at 0x00000000136bc590 to 0x00000000136bd820
Event: 8.776 Thread 0x00000000329fff40 Implicit null exception at 0x00000000136f6c80 to 0x00000000136f72d0
Event: 8.781 Thread 0x00000000329fff40 Exception <a 'java/lang/UnsatisfiedLinkError'{0x000000061d969878}: The specified procedure could not be found.
> (0x000000061d969878) 
thrown [./open/src/hotspot/share/prims/jni.cpp, line 599]
Event: 8.782 Thread 0x00000000329fff40 Exception <a 'java/lang/UnsatisfiedLinkError'{0x000000061d96aea8}: The specified procedure could not be found.
> (0x000000061d96aea8) 
thrown [./open/src/hotspot/share/prims/jni.cpp, line 599]
Event: 8.782 Thread 0x00000000329fff40 Implicit null exception at 0x00000000136e3e6e to 0x00000000136e60cc
Event: 8.782 Thread 0x00000000329fff40 Implicit null exception at 0x00000000136dee53 to 0x00000000136dfac4
Event: 8.931 Thread 0x00000000329fff40 Implicit null exception at 0x00000000136cbe80 to 0x00000000136cbff4
Event: 8.963 Thread 0x00000000329fff40 Exception <a 'java/lang/NoSuchMethodError'{0x000000061db64128}: 'void java.lang.invoke.DirectMethodHandle$Holder.invokeStatic(java.lang.Object, java.lang.Object, java.lang.Object, java.lang.Object)'> (0x000000061db64128) 
thrown [./open/src/hotspot/share/interpreter/linkResolver.cpp, line 782]
Event: 11.963 Thread 0x00000000329fff40 Implicit null exception at 0x000000001374b42b to 0x000000001374c2c4
Event: 11.965 Thread 0x00000000329fff40 Implicit null exception at 0x000000001374b42b to 0x000000001374c2c4
Event: 11.966 Thread 0x00000000329fff40 Implicit null exception at 0x000000001374b42b to 0x000000001374c2c4
Event: 11.968 Thread 0x00000000329fff40 Implicit null exception at 0x000000001374b42b to 0x000000001374c2c4
Event: 14.072 Thread 0x000000001b014590 Implicit null exception at 0x000000001371cfa0 to 0x000000001371d6c4
Event: 16.993 Thread 0x00000000329fff40 Implicit null exception at 0x00000000137d66e0 to 0x00000000137d6ef8
Event: 18.993 Thread 0x00000000329fff40 Exception <a 'java/lang/NoSuchMethodError'{0x000000061e8cbb50}: 'java.lang.Object java.lang.invoke.DirectMethodHandle$Holder.newInvokeSpecial(java.lang.Object, java.lang.Object, java.lang.Object, java.lang.Object, java.lang.Object, java.lang.Object, java.lang.Object)'> (0x000000061e8cbb50) 
thrown [./open/src/hotspot/share/interpreter/linkResolver.cpp, line 782]
Event: 18.993 Thread 0x00000000329fff40 Exception <a 'java/lang/NoSuchMethodError'{0x000000061e8d0200}: 'java.lang.Object java.lang.invoke.Invokers$Holder.linkToTargetMethod(java.lang.Object, java.lang.Object, java.lang.Object, java.lang.Object, java.lang.Object, java.lang.Object, java.lang.Object)'> (0x000000061e8d0200) 
thrown [./open/src/hotspot/share/interpreter/linkResolver.cpp, line 782]

Events (20 events):
Event: 19.009 loading class java/util/DualPivotQuicksort
Event: 19.009 loading class java/util/DualPivotQuicksort done
Event: 19.023 Executing VM operation: HandshakeAllThreads
Event: 19.023 Executing VM operation: HandshakeAllThreads done
Event: 19.029 Thread 0x0000000035aa4990 Thread added: 0x0000000035aa4990
Event: 20.023 Executing VM operation: HandshakeAllThreads
Event: 20.023 Executing VM operation: HandshakeAllThreads done
Event: 20.076 Thread 0x0000000035aa4990 Thread exited: 0x0000000035aa4990
Event: 20.834 Thread 0x0000000032e39140 Thread added: 0x0000000032e39140
Event: 21.415 Thread 0x0000000032e39140 Thread exited: 0x0000000032e39140
Event: 21.797 Executing VM operation: G1CollectForAllocation
Event: 21.865 Executing VM operation: G1CollectForAllocation done
Event: 22.865 Executing VM operation: HandshakeAllThreads
Event: 22.865 Executing VM operation: HandshakeAllThreads done
Event: 26.016 loading class java/awt/desktop/SystemSleepListener
Event: 26.016 loading class java/awt/desktop/SystemEventListener
Event: 26.016 loading class java/awt/desktop/SystemEventListener done
Event: 26.016 loading class java/awt/desktop/SystemSleepListener done
Event: 28.576 Executing VM operation: G1CollectForAllocation
Event: 28.690 Executing VM operation: G1CollectForAllocation done


Dynamic libraries:
0x00007ff7882a0000 - 0x00007ff7882af000 	C:\Program Files\Java\jdk-15.0.2\bin\java.exe
0x00007ff906140000 - 0x00007ff906330000 	C:\Windows\SYSTEM32\ntdll.dll
0x00007ff8e4b70000 - 0x00007ff8e4be1000 	C:\Windows\System32\verifier.dll
0x00007ff8b7d70000 - 0x00007ff8b7e64000 	C:\Windows\SYSTEM32\PayloadRestrictions.dll
0x00007ff9040c0000 - 0x00007ff9041ba000 	C:\Windows\System32\ucrtbase.dll
0x00007ff903c50000 - 0x00007ff903ef5000 	C:\Windows\System32\kernelbase.dll
0x00007ff904d10000 - 0x00007ff904dc2000 	C:\Windows\System32\kernel32.dll
0x000000006b010000 - 0x000000006b0a3000 	C:\Windows\System32\SYSFER.DLL
0x00007ff8f25d0000 - 0x00007ff8f25e8000 	C:\Program Files\Java\jdk-15.0.2\bin\jli.dll
0x00007ff904a50000 - 0x00007ff904af3000 	C:\Windows\System32\ADVAPI32.dll
0x00007ff905840000 - 0x00007ff9058de000 	C:\Windows\System32\msvcrt.dll
0x00007ff905ca0000 - 0x00007ff905d37000 	C:\Windows\System32\sechost.dll
0x00007ff905650000 - 0x00007ff90576f000 	C:\Windows\System32\RPCRT4.dll
0x00007ff9054b0000 - 0x00007ff905644000 	C:\Windows\System32\USER32.dll
0x00007ff9041c0000 - 0x00007ff9041e1000 	C:\Windows\System32\win32u.dll
0x00007ff904a00000 - 0x00007ff904a26000 	C:\Windows\System32\GDI32.dll
0x00007ff903a20000 - 0x00007ff903bb8000 	C:\Windows\System32\gdi32full.dll
0x00007ff904020000 - 0x00007ff9040be000 	C:\Windows\System32\msvcp_win.dll
0x00007ff8f2520000 - 0x00007ff8f2539000 	C:\Program Files\Java\jdk-15.0.2\bin\VCRUNTIME140.dll
0x00007ff8e4bf0000 - 0x00007ff8e4e74000 	C:\Windows\WinSxS\amd64_microsoft.windows.common-controls_6595b64144ccf1df_6.0.18362.1316_none_9e7a364fe461dbd7\COMCTL32.dll
0x00007ff905960000 - 0x00007ff905c97000 	C:\Windows\System32\combase.dll
0x00007ff903210000 - 0x00007ff903291000 	C:\Windows\System32\bcryptPrimitives.dll
0x00007ff8fd170000 - 0x00007ff8fd17a000 	C:\Windows\SYSTEM32\VERSION.dll
0x00007ff9041f0000 - 0x00007ff9041f8000 	C:\Windows\System32\psapi.dll
0x00007ff904e50000 - 0x00007ff904e7e000 	C:\Windows\System32\IMM32.DLL
0x00007ff9021c0000 - 0x00007ff9022e1000 	C:\Program Files\Avecto\Privilege Guard Client\PGHook.dll
0x00007ff904260000 - 0x00007ff904948000 	C:\Windows\System32\shell32.dll
0x00007ff903f20000 - 0x00007ff903f6a000 	C:\Windows\System32\cfgmgr32.dll
0x00007ff904950000 - 0x00007ff9049f7000 	C:\Windows\System32\shcore.dll
0x00007ff9032a0000 - 0x00007ff903a1b000 	C:\Windows\System32\windows.storage.dll
0x00007ff903090000 - 0x00007ff9030b3000 	C:\Windows\System32\profapi.dll
0x00007ff903000000 - 0x00007ff90304a000 	C:\Windows\System32\powrprof.dll
0x00007ff902ff0000 - 0x00007ff903000000 	C:\Windows\System32\UMPDC.dll
0x00007ff904200000 - 0x00007ff904252000 	C:\Windows\System32\shlwapi.dll
0x00007ff903070000 - 0x00007ff903081000 	C:\Windows\System32\kernel.appcore.dll
0x00007ff903f00000 - 0x00007ff903f17000 	C:\Windows\System32\cryptsp.dll
0x00007ff901fd0000 - 0x00007ff902003000 	C:\Windows\system32\rsaenh.dll
0x00007ff903c20000 - 0x00007ff903c46000 	C:\Windows\System32\bcrypt.dll
0x00007ff902960000 - 0x00007ff90296c000 	C:\Windows\SYSTEM32\CRYPTBASE.dll
0x00007ff8f2c70000 - 0x00007ff8f2c7c000 	C:\Program Files\Java\jdk-15.0.2\bin\vcruntime140_1.dll
0x00007ff8d9b50000 - 0x00007ff8d9be1000 	C:\Program Files\Java\jdk-15.0.2\bin\msvcp140.dll
0x00007ff890270000 - 0x00007ff890dce000 	C:\Program Files\Java\jdk-15.0.2\bin\server\jvm.dll
0x00007ff8e6000000 - 0x00007ff8e6009000 	C:\Windows\SYSTEM32\WSOCK32.dll
0x00007ff904ef0000 - 0x00007ff904f5f000 	C:\Windows\System32\WS2_32.dll
0x00007ff8f2c20000 - 0x00007ff8f2c44000 	C:\Windows\SYSTEM32\WINMM.dll
0x00007ff8f2bf0000 - 0x00007ff8f2c1d000 	C:\Windows\SYSTEM32\WINMMBASE.dll
0x00007ff8f27b0000 - 0x00007ff8f27ba000 	C:\Program Files\Java\jdk-15.0.2\bin\jimage.dll
0x00007ff900bc0000 - 0x00007ff900db4000 	C:\Windows\SYSTEM32\DBGHELP.DLL
0x00007ff8e8980000 - 0x00007ff8e89aa000 	C:\Windows\SYSTEM32\dbgcore.DLL
0x00007ff8f1eb0000 - 0x00007ff8f1ebe000 	C:\Program Files\Java\jdk-15.0.2\bin\instrument.dll
0x00007ff8f1e80000 - 0x00007ff8f1ea5000 	C:\Program Files\Java\jdk-15.0.2\bin\java.dll
0x00007ff8f1e60000 - 0x00007ff8f1e78000 	C:\Program Files\Java\jdk-15.0.2\bin\zip.dll
0x00007ff8f0bb0000 - 0x00007ff8f0bc9000 	C:\Program Files\Java\jdk-15.0.2\bin\net.dll
0x00007ff8fe560000 - 0x00007ff8fe650000 	C:\Windows\SYSTEM32\WINHTTP.dll
0x00007ff9027e0000 - 0x00007ff902847000 	C:\Windows\system32\mswsock.dll
0x00007ff8e8440000 - 0x00007ff8e8452000 	C:\Program Files\Java\jdk-15.0.2\bin\nio.dll
0x00007ff8e8420000 - 0x00007ff8e843a000 	C:\Program Files\JetBrains\IntelliJ IDEA Community Edition 2020.3.3\bin\breakgen64.dll
0x00007ff8cbaf0000 - 0x00007ff8cbc70000 	C:\Program Files\Java\jdk-15.0.2\bin\awt.dll
0x00007ff905770000 - 0x00007ff905835000 	C:\Windows\System32\OLEAUT32.dll
0x00007ff900b30000 - 0x00007ff900bbf000 	C:\Windows\SYSTEM32\apphelp.dll
0x00007ff901380000 - 0x00007ff9013ad000 	C:\Windows\system32\DWMAPI.DLL
0x00007ff9011c0000 - 0x00007ff901259000 	C:\Windows\system32\uxtheme.dll
0x00007ff8d18f0000 - 0x00007ff8d1a46000 	C:\Windows\system32\opengl32.dll
0x00007ff8d72f0000 - 0x00007ff8d731c000 	C:\Windows\SYSTEM32\GLU32.dll
0x00007ff9018b0000 - 0x00007ff9018d0000 	C:\Windows\SYSTEM32\dxcore.dll
0x00007ff904bd0000 - 0x00007ff904d05000 	C:\Windows\System32\MSCTF.dll
0x00007ff905df0000 - 0x00007ff905f47000 	C:\Windows\System32\ole32.dll
0x00007ff902f10000 - 0x00007ff902f35000 	C:\Windows\SYSTEM32\USERENV.dll
0x00007ff902500000 - 0x00007ff90253a000 	C:\Windows\SYSTEM32\IPHLPAPI.DLL
0x00007ff9054a0000 - 0x00007ff9054a8000 	C:\Windows\System32\NSI.dll
0x00007ff8fd410000 - 0x00007ff8fd426000 	C:\Windows\SYSTEM32\dhcpcsvc6.DLL
0x00007ff8fd3f0000 - 0x00007ff8fd40c000 	C:\Windows\SYSTEM32\dhcpcsvc.DLL
0x00007ff902550000 - 0x00007ff90261b000 	C:\Windows\SYSTEM32\DNSAPI.dll
0x00007ff8daa00000 - 0x00007ff8daa55000 	C:\Users\HB427JN\AppData\Local\Temp\nativeutils15922626577340013958539481233391233\darklaf-windows.dll
0x00007ff8cba60000 - 0x00007ff8cbae5000 	C:\Program Files\Java\jdk-15.0.2\bin\freetype.dll
0x00007ff8cb9b0000 - 0x00007ff8cba59000 	C:\Program Files\Java\jdk-15.0.2\bin\fontmanager.dll
0x00007ff8e83f0000 - 0x00007ff8e841d000 	C:\Program Files\Java\jdk-15.0.2\bin\javajpeg.dll
0x00007ff8d6940000 - 0x00007ff8d6981000 	C:\Users\HB427JN\AppData\Local\Temp\jna-1414847427\jna16536114140215217272.dll
0x00007ff8ee5e0000 - 0x00007ff8ee689000 	C:\Windows\WinSxS\amd64_microsoft.windows.common-controls_6595b64144ccf1df_5.82.18362.1316_none_73b62828d8134176\comctl32.dll
0x00007ff905d40000 - 0x00007ff905de2000 	C:\Windows\System32\clbcatq.dll
0x00007ff8fe430000 - 0x00007ff8fe520000 	C:\Windows\system32\propsys.dll
0x00007ff8d6cd0000 - 0x00007ff8d6ce6000 	C:\Windows\system32\NetworkExplorer.dll
0x00007ff8e0990000 - 0x00007ff8e0b3f000 	C:\Windows\SYSTEM32\WindowsCodecs.dll
0x00007ff8e4800000 - 0x00007ff8e485f000 	C:\Windows\System32\thumbcache.dll
0x00007ff8f6eb0000 - 0x00007ff8f6fc2000 	C:\Windows\SYSTEM32\MrmCoreR.dll
0x00007ff8faf10000 - 0x00007ff8fb1b7000 	C:\Windows\SYSTEM32\iertutil.dll
0x00007ff8e83e0000 - 0x00007ff8e83e7000 	C:\Program Files\Java\jdk-15.0.2\bin\jawt.dll
0x00007ff8e1740000 - 0x00007ff8e17dd000 	C:\Windows\System32\TextInputFramework.dll
0x00007ff8e12d0000 - 0x00007ff8e15fa000 	C:\Windows\System32\CoreUIComponents.dll
0x00007ff900870000 - 0x00007ff900944000 	C:\Windows\System32\CoreMessaging.dll
0x00007ff901c10000 - 0x00007ff901c41000 	C:\Windows\SYSTEM32\ntmarta.dll
0x00007ff8fdbf0000 - 0x00007ff8fdd42000 	C:\Windows\SYSTEM32\wintypes.dll
0x00007ff8e8290000 - 0x00007ff8e82a0000 	C:\Program Files\Java\jdk-15.0.2\bin\verify.dll
0x00007ff8cd490000 - 0x00007ff8cd701000 	C:\Windows\System32\uiautomationcore.dll
0x00007ff902e30000 - 0x00007ff902ecd000 	C:\Windows\SYSTEM32\sxs.dll
0x00007ff8e4860000 - 0x00007ff8e48c5000 	C:\Windows\System32\OLEACC.dll
0x00007ff8f0ca0000 - 0x00007ff8f0d4b000 	C:\Windows\System32\UiaManager.dll
0x00007ff8f1460000 - 0x00007ff8f14da000 	C:\Windows\System32\OneCoreCommonProxyStub.dll

dbghelp: loaded successfully - version: 4.0.5 - missing functions: none
symbol engine: initialized successfully - sym options: 0x614 - pdb path: .;C:\Program Files\Java\jdk-15.0.2\bin;C:\Windows\SYSTEM32;C:\Windows\WinSxS\amd64_microsoft.windows.common-controls_6595b64144ccf1df_6.0.18362.1316_none_9e7a364fe461dbd7;C:\Program Files\Avecto\Privilege Guard Client;C:\Program Files\Java\jdk-15.0.2\bin\server;C:\Program Files\JetBrains\IntelliJ IDEA Community Edition 2020.3.3\bin;C:\Users\HB427JN\AppData\Local\Temp\nativeutils15922626577340013958539481233391233;C:\Users\HB427JN\AppData\Local\Temp\jna-1414847427;C:\Windows\WinSxS\amd64_microsoft.windows.common-controls_6595b64144ccf1df_5.82.18362.1316_none_73b62828d8134176

VM Arguments:
jvm_args: -javaagent:C:\Program Files\JetBrains\IntelliJ IDEA Community Edition 2020.3.3\lib\idea_rt.jar=62003:C:\Program Files\JetBrains\IntelliJ IDEA Community Edition 2020.3.3\bin -Dfile.encoding=UTF-8 
java_command: run.Runner
java_class_path (initial): C:\Users\HB427JN\Documents\Github\EYSpy\target\classes;C:\Users\HB427JN\.m2\repository\com\ey\windowsappdriver\1.0.0-SNAPSHOT\windowsappdriver-1.0.0-SNAPSHOT.jar;C:\Users\HB427JN\.m2\repository\com\github\weisj\darklaf-core\2.5.0\darklaf-core-2.5.0.jar;C:\Users\HB427JN\.m2\repository\com\github\weisj\darklaf-theme\2.5.0\darklaf-theme-2.5.0.jar;C:\Users\HB427JN\.m2\repository\com\github\weisj\darklaf-property-loader\2.5.0\darklaf-property-loader-2.5.0.jar;C:\Users\HB427JN\.m2\repository\com\formdev\svgSalamander\1.1.2.3\svgSalamander-1.1.2.3.jar;C:\Users\HB427JN\.m2\repository\com\github\weisj\darklaf-utils\2.5.0\darklaf-utils-2.5.0.jar;C:\Users\HB427JN\.m2\repository\com\github\weisj\darklaf-native-utils\2.5.0\darklaf-native-utils-2.5.0.jar;C:\Users\HB427JN\.m2\repository\com\github\weisj\darklaf-platform-base\2.5.0\darklaf-platform-base-2.5.0.jar;C:\Users\HB427JN\.m2\repository\com\github\weisj\darklaf-windows\2.5.0\darklaf-windows-2.5.0.jar;C:\Users\HB427JN\.m2\repository\net\java\dev\jna\jna\5.5.0\jna-5.5.0.jar;C:\Users\HB427JN\.m2\repository\com\github\weisj\darklaf-macos\2.5.0\darklaf-macos-2.5.0.jar;C:\Users\HB427JN\.m2\repository\org\swinglabs\jxlayer\3.0.4\jxlayer-3.0.4.jar
Launcher Type: SUN_STANDARD

[Global flags]
     intx CICompilerCount                          = 4                                         {product} {ergonomic}
     uint ConcGCThreads                            = 2                                         {product} {ergonomic}
     uint G1ConcRefinementThreads                  = 8                                         {product} {ergonomic}
   size_t G1HeapRegionSize                         = 4194304                                   {product} {ergonomic}
    uintx GCDrainStackTargetSize                   = 64                                        {product} {ergonomic}
   size_t InitialHeapSize                          = 536870912                                 {product} {ergonomic}
   size_t MarkStackSize                            = 4194304                                   {product} {ergonomic}
   size_t MaxHeapSize                              = 8539602944                                {product} {ergonomic}
   size_t MaxNewSize                               = 5121245184                                {product} {ergonomic}
   size_t MinHeapDeltaBytes                        = 4194304                                   {product} {ergonomic}
   size_t MinHeapSize                              = 8388608                                   {product} {ergonomic}
    uintx NonNMethodCodeHeapSize                   = 5839372                                {pd product} {ergonomic}
    uintx NonProfiledCodeHeapSize                  = 122909434                              {pd product} {ergonomic}
    uintx ProfiledCodeHeapSize                     = 122909434                              {pd product} {ergonomic}
    uintx ReservedCodeCacheSize                    = 251658240                              {pd product} {ergonomic}
     bool SegmentedCodeCache                       = true                                      {product} {ergonomic}
   size_t SoftMaxHeapSize                          = 8539602944                             {manageable} {ergonomic}
     bool UseCompressedClassPointers               = true                                 {lp64_product} {ergonomic}
     bool UseCompressedOops                        = true                                 {lp64_product} {ergonomic}
     bool UseG1GC                                  = true                                      {product} {ergonomic}
     bool UseLargePagesIndividualAllocation        = false                                  {pd product} {ergonomic}

Logging:
Log output configuration:
 #0: stdout all=warning uptime,level,tags
 #1: stderr all=off uptime,level,tags

Environment Variables:
JAVA_HOME=C:\Program Files\Java\jdk-11.0.10
PATH=C:\Program Files (x86)\Common Files\Oracle\Java\javapath;C:\Program Files\Java\jdk-11.0.10\bin;C:\Windows\system32;C:\Windows;C:\Windows\System32\Wbem;C:\Windows\System32\WindowsPowerShell\v1.0\;C:\Windows\System32\OpenSSH\;C:\Program Files (x86)\Riverbed\Steelhead Mobile\;C:\Program Files\1E\Client\Extensibility\NomadBranch;C:\Program Files (x86)\Pulse Secure\VC142.CRT\X64\;C:\Program Files (x86)\Pulse Secure\VC142.CRT\X86\;C:\Program Files (x86)\Windows Kits\10\Windows Performance Toolkit\;C:\Users\HB427JN\AppData\Local\Microsoft\WindowsApps;C:\Users\HB427JN\AppData\Local\GitHubDesktop\bin;C:\Users\HB427JN\AppData\Local\Programs\Git\cmd
USERNAME=HB427JN
OS=Windows_NT
PROCESSOR_IDENTIFIER=Intel64 Family 6 Model 142 Stepping 12, GenuineIntel



---------------  S Y S T E M  ---------------

OS:
 Windows 10 , 64 bit Build 18362 (10.0.18362.1316)
OS uptime: 1 days 20:14 hours
HyperV virtualization detected

CPU: total 8 (initial active 8) (4 cores per cpu, 2 threads per core) family 6 model 142 stepping 12 microcode 0xca, cmov, cx8, fxsr, mmx, sse, sse2, sse3, ssse3, sse4.1, sse4.2, popcnt, vzeroupper, avx, avx2, aes, clmul, erms, 3dnowpref, lzcnt, ht, tsc, tscinvbit, bmi1, bmi2, adx, fma, clflush, clflushopt

Memory: 4k page, system-wide physical 32574M (18784M free)
TotalPageFile size 65342M (AvailPageFile size 47967M)
current process WorkingSet (physical memory assigned to process): 487M, peak: 493M
current process commit charge ("private bytes"): 769M, peak: 776M

vm_info: Java HotSpot(TM) 64-Bit Server VM (15.0.2+7-27) for windows-amd64 JRE (15.0.2+7-27), built on Dec  7 2020 20:07:01 by "mach5one" with unknown MS VC++:1925

END.
